[  0%] Built target actionlib_generate_messages_cpp
[  0%] Built target actionlib_generate_messages_nodejs
[  0%] Built target tf2_msgs_generate_messages_lisp
[  0%] Built target mrs_msgs_generate_messages_py
[  0%] Built target tf2_msgs_generate_messages_nodejs
[  0%] Built target actionlib_generate_messages_py
[  0%] Built target tf_generate_messages_nodejs
[  0%] Built target topic_tools_generate_messages_nodejs
[  0%] Built target tf_generate_messages_cpp
[  0%] Built target topic_tools_generate_messages_lisp
[  0%] Built target pcl_ros_gencfg
[  0%] Built target topic_tools_generate_messages_eus
[  0%] Built target pcl_msgs_generate_messages_nodejs
[  0%] Built target pcl_msgs_generate_messages_py
[  0%] Built target pcl_msgs_generate_messages_lisp
[  0%] Built target pcl_msgs_generate_messages_eus
[  0%] Built target pcl_msgs_generate_messages_cpp
[  0%] Built target topic_tools_generate_messages_cpp
[  0%] Built target visualization_msgs_generate_messages_py
[  0%] Built target visualization_msgs_generate_messages_lisp
[  0%] Built target visualization_msgs_generate_messages_nodejs
[  0%] Built target std_srvs_generate_messages_lisp
[  0%] Built target std_srvs_generate_messages_eus
[  0%] Built target tf2_msgs_generate_messages_eus
[  0%] Built target sensor_msgs_generate_messages_py
[  0%] Built target sensor_msgs_generate_messages_nodejs
[  0%] Built target tf2_msgs_generate_messages_cpp
[  0%] Built target dynamic_reconfigure_generate_messages_lisp
[  0%] Built target geometry_msgs_generate_messages_eus
[  0%] Built target std_msgs_generate_messages_py
[  0%] Built target mrs_msgs_generate_messages_eus
[  0%] Built target rosgraph_msgs_generate_messages_nodejs
[  0%] Built target std_msgs_generate_messages_cpp
[  0%] Built target actionlib_msgs_generate_messages_py
[  0%] Built target std_msgs_generate_messages_nodejs
[  0%] Built target actionlib_generate_messages_lisp
[  0%] Built target nodelet_generate_messages_lisp
[  0%] Built target roscpp_generate_messages_lisp
[  0%] Built target std_msgs_generate_messages_lisp
[  0%] Built target std_srvs_generate_messages_cpp
[  0%] Built target tf_generate_messages_eus
[  0%] Built target rosgraph_msgs_generate_messages_lisp
[  0%] Built target sensor_msgs_generate_messages_cpp
[  0%] Built target actionlib_msgs_generate_messages_eus
[  0%] Built target dynamic_reconfigure_generate_messages_py
[  0%] Built target nav_msgs_generate_messages_nodejs
[  0%] Built target rosgraph_msgs_generate_messages_py
[  0%] Built target roscpp_generate_messages_py
[  0%] Built target dynamic_reconfigure_gencfg
[  0%] Built target tf_generate_messages_lisp
[  0%] Built target nav_msgs_generate_messages_py
[  0%] Built target topic_tools_generate_messages_py
[  0%] Built target nodelet_generate_messages_cpp
[  0%] Built target roscpp_generate_messages_cpp
[  0%] Built target roscpp_generate_messages_eus
[  0%] Built target geometry_msgs_generate_messages_cpp
[  0%] Built target dynamic_reconfigure_generate_messages_eus
[  0%] Built target dynamic_reconfigure_generate_messages_cpp
[  0%] Built target geometry_msgs_generate_messages_nodejs
[  0%] Built target geometry_msgs_generate_messages_lisp
[  0%] Built target roscpp_generate_messages_nodejs
[ 33%] [34m[1mGenerating dynamic reconfigure files from cfg/controller_one_link_constraint.cfg: /home/mrs/catkin_ws_mrs_net_stabilization_exp/devel/.private/pratik_controller_one_link_constraint/include/pratik_controller_one_link_constraint/controller_one_link_constraintConfig.h /home/mrs/catkin_ws_mrs_net_stabilization_exp/devel/.private/pratik_controller_one_link_constraint/lib/python3/dist-packages/pratik_controller_one_link_constraint/cfg/controller_one_link_constraintConfig.py[0m
[ 33%] Built target rosgraph_msgs_generate_messages_cpp
[ 33%] Built target std_srvs_generate_messages_py
[ 33%] Built target rosgraph_msgs_generate_messages_eus
[ 33%] Built target actionlib_generate_messages_eus
[ 33%] Built target visualization_msgs_generate_messages_eus
[ 33%] Built target nav_msgs_generate_messages_cpp
[ 33%] Built target nodelet_generate_messages_nodejs
[ 33%] Built target nodelet_generate_messages_eus
[ 33%] Built target mrs_msgs_generate_messages_nodejs
[ 33%] Built target bond_generate_messages_nodejs
[ 33%] Built target std_srvs_generate_messages_nodejs
[ 33%] Built target nodelet_generate_messages_py
[ 33%] Built target tf2_msgs_generate_messages_py
[ 33%] Built target dynamic_reconfigure_generate_messages_nodejs
[ 33%] Built target bond_generate_messages_cpp
[ 33%] Built target bond_generate_messages_lisp
[ 33%] Built target nodelet_topic_tools_gencfg
[ 33%] Built target visualization_msgs_generate_messages_cpp
[ 33%] Built target sensor_msgs_generate_messages_eus
[ 33%] Built target sensor_msgs_generate_messages_lisp
[ 33%] Built target bond_generate_messages_py
[ 33%] Built target nav_msgs_generate_messages_eus
[ 33%] Built target nav_msgs_generate_messages_lisp
[ 33%] Built target actionlib_msgs_generate_messages_cpp
[ 33%] Built target tf_generate_messages_py
[ 33%] Built target mrs_msgs_generate_messages_cpp
[ 33%] Built target actionlib_msgs_generate_messages_lisp
[ 33%] Built target std_msgs_generate_messages_eus
[ 33%] Built target actionlib_msgs_generate_messages_nodejs
[ 33%] Built target bond_generate_messages_eus
[ 33%] Built target geometry_msgs_generate_messages_py
[ 33%] Built target mrs_msgs_generate_messages_lisp
Generating reconfiguration files for controller_one_link_constraint in pratik_controller_one_link_constraint
Wrote header file in /home/mrs/catkin_ws_mrs_net_stabilization_exp/devel/.private/pratik_controller_one_link_constraint/include/pratik_controller_one_link_constraint/controller_one_link_constraintConfig.h
[ 33%] Built target pratik_controller_one_link_constraint_gencfg
[35m[1mScanning dependencies of target ControllerOneLinkConstraint[0m
[ 66%] [32mBuilding CXX object CMakeFiles/ControllerOneLinkConstraint.dir/src/controller_one_link_constraint.cpp.o[0m
[100%] [32m[1mLinking CXX shared library /home/mrs/catkin_ws_mrs_net_stabilization_exp/devel/.private/pratik_controller_one_link_constraint/lib/libControllerOneLinkConstraint.so[0m
[100%] Built target ControllerOneLinkConstraint
