In file included from [01m[K/opt/ros/noetic/include/ros/ros.h:40[m[K,
                 from [01m[K/home/mrs/catkin_ws_mrs_net_stabilization_exp/src/mrs_llcp_ros/src/LAMD_data.cpp:1[m[K:
[01m[K/home/mrs/catkin_ws_mrs_net_stabilization_exp/src/mrs_llcp_ros/src/LAMD_data.cpp:[m[K In member function ‘[01m[Kvoid mrs_llcp_ros::CAMDeviceData::llcpCallback(const ConstPtr&)[m[K’:
[01m[K/opt/ros/noetic/include/ros/console.h:372:73:[m[K [01;31m[Kerror: [m[Kinvalid operands of types ‘[01m[Kdouble[m[K’ and ‘[01m[Kconst char [18][m[K’ to binary ‘[01m[Koperator+[m[K’
  372 | #define ROSCONSOLE_THROTTLE_CHECK(now, last, period) (ROS_UNLIKELY(last [01;31m[K+[m[K period <= now) || ROS_UNLIKELY(now < last))
      |                                                                         [01;31m[K^[m[K
[01m[K/opt/ros/noetic/include/ros/console.h:284:47:[m[K [01;36m[Knote: [m[Kin definition of macro ‘[01m[KROS_UNLIKELY[m[K’
  284 | #define ROS_UNLIKELY(x)     __builtin_expect(([01;36m[Kx[m[K),0)
      |                                               [01;36m[K^[m[K
[01m[K/opt/ros/noetic/include/ros/console.h:485:9:[m[K [01;36m[Knote: [m[Kin expansion of macro ‘[01m[KROSCONSOLE_THROTTLE_CHECK[m[K’
  485 |         [01;36m[KROSCONSOLE_THROTTLE_CHECK[m[K(__ros_log_stream_throttle__now__, __ros_log_stream_throttle__last_hit__, period))\
      |         [01;36m[K^~~~~~~~~~~~~~~~~~~~~~~~~[m[K
[01m[K/opt/ros/noetic/include/rosconsole/macros_generated.h:125:60:[m[K [01;36m[Knote: [m[Kin expansion of macro ‘[01m[KROS_LOG_STREAM_THROTTLE[m[K’
  125 | #define ROS_INFO_STREAM_THROTTLE_NAMED(period, name, args) [01;36m[KROS_LOG_STREAM_THROTTLE[m[K(period, ::ros::console::levels::Info, std::string(ROSCONSOLE_NAME_PREFIX) + "." + name, args)
      |                                                            [01;36m[K^~~~~~~~~~~~~~~~~~~~~~~[m[K
[01m[K/opt/ros/noetic/include/nodelet/nodelet.h:67:49:[m[K [01;36m[Knote: [m[Kin expansion of macro ‘[01m[KROS_INFO_STREAM_THROTTLE_NAMED[m[K’
   67 | #define NODELET_INFO_STREAM_THROTTLE(rate, ...) [01;36m[KROS_INFO_STREAM_THROTTLE_NAMED[m[K(rate, getName(), __VA_ARGS__)
      |                                                 [01;36m[K^~~~~~~~~~~~~~~~~~~~~~~~~~~~~~[m[K
[01m[K/home/mrs/catkin_ws_mrs_net_stabilization_exp/src/mrs_llcp_ros/src/LAMD_data.cpp:187:5:[m[K [01;36m[Knote: [m[Kin expansion of macro ‘[01m[KNODELET_INFO_STREAM_THROTTLE[m[K’
  187 |     [01;36m[KNODELET_INFO_STREAM_THROTTLE[m[K("Encoder 1 (deg): " << encoder_1_in_deg_);
      |     [01;36m[K^~~~~~~~~~~~~~~~~~~~~~~~~~~~[m[K
[01m[K/opt/ros/noetic/include/ros/console.h:361:68:[m[K [01;31m[Kerror: [m[Kexpected primary-expression before ‘[01m[K;[m[K’ token
  361 |     __rosconsole_print_stream_at_location_with_filter__ss__ << args[01;31m[K;[m[K \
      |                                                                    [01;31m[K^[m[K
[01m[K/opt/ros/noetic/include/ros/console.h:366:5:[m[K [01;36m[Knote: [m[Kin expansion of macro ‘[01m[KROSCONSOLE_PRINT_STREAM_AT_LOCATION_WITH_FILTER[m[K’
  366 |     [01;36m[KROSCONSOLE_PRINT_STREAM_AT_LOCATION_WITH_FILTER[m[K(NULL, args)
      |     [01;36m[K^~~~~~~~~~~~~~~~~~~~~~~~~~~~~~~~~~~~~~~~~~~~~~~[m[K
[01m[K/opt/ros/noetic/include/ros/console.h:488:7:[m[K [01;36m[Knote: [m[Kin expansion of macro ‘[01m[KROSCONSOLE_PRINT_STREAM_AT_LOCATION[m[K’
  488 |       [01;36m[KROSCONSOLE_PRINT_STREAM_AT_LOCATION[m[K(args); \
      |       [01;36m[K^~~~~~~~~~~~~~~~~~~~~~~~~~~~~~~~~~~[m[K
[01m[K/opt/ros/noetic/include/rosconsole/macros_generated.h:125:60:[m[K [01;36m[Knote: [m[Kin expansion of macro ‘[01m[KROS_LOG_STREAM_THROTTLE[m[K’
  125 | #define ROS_INFO_STREAM_THROTTLE_NAMED(period, name, args) [01;36m[KROS_LOG_STREAM_THROTTLE[m[K(period, ::ros::console::levels::Info, std::string(ROSCONSOLE_NAME_PREFIX) + "." + name, args)
      |                                                            [01;36m[K^~~~~~~~~~~~~~~~~~~~~~~[m[K
[01m[K/opt/ros/noetic/include/nodelet/nodelet.h:67:49:[m[K [01;36m[Knote: [m[Kin expansion of macro ‘[01m[KROS_INFO_STREAM_THROTTLE_NAMED[m[K’
   67 | #define NODELET_INFO_STREAM_THROTTLE(rate, ...) [01;36m[KROS_INFO_STREAM_THROTTLE_NAMED[m[K(rate, getName(), __VA_ARGS__)
      |                                                 [01;36m[K^~~~~~~~~~~~~~~~~~~~~~~~~~~~~~[m[K
[01m[K/home/mrs/catkin_ws_mrs_net_stabilization_exp/src/mrs_llcp_ros/src/LAMD_data.cpp:187:5:[m[K [01;36m[Knote: [m[Kin expansion of macro ‘[01m[KNODELET_INFO_STREAM_THROTTLE[m[K’
  187 |     [01;36m[KNODELET_INFO_STREAM_THROTTLE[m[K("Encoder 1 (deg): " << encoder_1_in_deg_);
      |     [01;36m[K^~~~~~~~~~~~~~~~~~~~~~~~~~~~[m[K
make[2]: *** [CMakeFiles/MrsLlcpRos.dir/build.make:89: CMakeFiles/MrsLlcpRos.dir/src/LAMD_data.cpp.o] Error 1
make[1]: *** [CMakeFiles/Makefile2:2719: CMakeFiles/MrsLlcpRos.dir/all] Error 2
make: *** [Makefile:141: all] Error 2
